<?xml version="1.0" encoding="UTF-8"?>
<!-- Generated by org.testng.reporters.JUnitXMLReporter -->
<testsuite ignored="0" hostname="DESKTOP-6CROEQF" failures="1" tests="3" name="Error Validation" time="7.729" errors="0" timestamp="2025-04-21T17:51:59 EDT">
  <testcase classname="com.automation.selenium_automation.tests.ErrorValidations" name="inValidEmailFormValidation" time="0.245"/>
  <testcase classname="com.automation.selenium_automation.tests.ErrorValidations" name="loginErrorMessageValidation" time="0.79">
    <failure type="java.lang.AssertionError" message="expected [Incorrect banana or password.] but found [Incorrect email or password.]">
      <![CDATA[java.lang.AssertionError: expected [Incorrect banana or password.] but found [Incorrect email or password.]
at com.automation.selenium_automation.tests.ErrorValidations.loginErrorMessageValidation(ErrorValidations.java:24)
at java.base/java.util.concurrent.Executors$RunnableAdapter.call(Executors.java:572)
at java.base/java.util.concurrent.FutureTask.run(FutureTask.java:317)
at java.base/java.util.concurrent.ThreadPoolExecutor.runWorker(ThreadPoolExecutor.java:1144)
at java.base/java.util.concurrent.ThreadPoolExecutor$Worker.run(ThreadPoolExecutor.java:642)
at java.base/java.lang.Thread.run(Thread.java:1583)
... Removed 17 stack frames]]>
    </failure>
  </testcase> <!-- loginErrorMessageValidation -->
  <testcase classname="com.automation.selenium_automation.tests.ErrorValidations" name="orderErrorValidation" time="3.238"/>
</testsuite> <!-- Error Validation -->
